###############################################################
#  Generated by:      Cadence Innovus 16.12-s051_1
#  OS:                Linux x86_64(Host ID ecegrid-thin7.ecn.purdue.edu)
#  Generated on:      Mon Apr 23 17:54:11 2018
#  Design:            lab7_layout_design
#  Command:           verifyConnectivity -type all -error 1000 -warning 50
###############################################################
Verify Connectivity Report is created on Mon Apr 23 17:54:11 2018



Net gnd: has special routes with opens at (298.800, 330.450) (1314.000, 1241.550)
Net gnd: has special routes with opens at (870.750, 1264.500) (899.550, 1273.200)
Net gnd: has special routes with opens at (870.750, 298.800) (899.550, 307.500)
Net gnd: has special routes with opens at (870.750, 1231.650) (899.550, 1267.500)
Net gnd: has special routes with opens at (870.750, 304.500) (899.550, 340.350)
Net gnd: dangling Wire at (885.150, 1231.650) (885.150, 1231.650) on layer: M2
Net gnd: dangling Wire at (885.150, 1267.500) (885.150, 1267.500) on layer: M2
Net gnd: dangling Wire at (885.150, 304.500) (885.150, 304.500) on layer: M2
Net gnd: dangling Wire at (885.150, 340.350) (885.150, 340.350) on layer: M2

Begin Summary
    5 Problem(s) (IMPVFC-200): Special Wires: Pieces of the net are not connected together.
    4 Problem(s) (IMPVFC-94): The net has dangling wire(s).
    9 total info(s) created.
End Summary
