###############################################################
#  Generated by:      Cadence Innovus 16.12-s051_1
#  OS:                Linux x86_64(Host ID ecegrid-thin7.ecn.purdue.edu)
#  Generated on:      Mon Apr 23 17:58:58 2018
#  Design:            Packet_Storage
#  Command:           verifyConnectivity -type all -error 1000 -warning 50
###############################################################
Verify Connectivity Report is created on Mon Apr 23 17:58:58 2018



Net vdd: has special routes with opens at (310.350, 298.800) (2740.050, 2713.200)
Net vdd: has special routes with opens at (2730.150, 1312.950) (2751.600, 1341.750)
Net vdd: has special routes with opens at (298.800, 1312.950) (320.250, 1341.750)
Net vdd: dangling Wire at (2730.150, 1327.350) (2730.150, 1327.350) on layer: M1
Net vdd: dangling Wire at (320.250, 1327.350) (320.250, 1327.350) on layer: M1
Net gnd, Pin G1/gnd: has an unconnected terminal at (298.800, 1670.250) (300.000, 1699.050)
Net gnd, Pin G3/gnd: has an unconnected terminal at (2750.400, 1670.250) (2751.600, 1699.050)
Net gnd: has special routes with opens at (330.150, 330.450) (2720.250, 2681.550)
Net gnd: has special routes with opens at (1692.300, 2704.500) (1721.100, 2713.200)
Net gnd: has special routes with opens at (1692.300, 298.800) (1721.100, 307.500)
Net gnd: has special routes with opens at (1692.300, 2671.650) (1721.100, 2707.500)
Net gnd: has special routes with opens at (1692.300, 304.500) (1721.100, 340.350)
Net gnd: dangling Wire at (1706.700, 2671.650) (1706.700, 2671.650) on layer: M2
Net gnd: dangling Wire at (1706.700, 2707.500) (1706.700, 2707.500) on layer: M2
Net gnd: dangling Wire at (1706.700, 304.500) (1706.700, 304.500) on layer: M2
Net gnd: dangling Wire at (1706.700, 340.350) (1706.700, 340.350) on layer: M2

Begin Summary
    2 Problem(s) (IMPVFC-96): Terminal(s) are not connected.
    8 Problem(s) (IMPVFC-200): Special Wires: Pieces of the net are not connected together.
    6 Problem(s) (IMPVFC-94): The net has dangling wire(s).
    16 total info(s) created.
End Summary
