###############################################################
#  Generated by:      Cadence Innovus 16.12-s051_1
#  OS:                Linux x86_64(Host ID ecegrid-thin6.ecn.purdue.edu)
#  Generated on:      Thu Apr 26 11:48:48 2018
#  Design:            shabang
#  Command:           verifyMetalDensity -report shabang.density.rpt
###############################################################

Verify Density report created on Thu Apr 26 11:48:48 2018

###############################################################
# Layer       M1 - Window size      : 100.0um X 100.0um
# Layer       M1 - Window step      : 50.0um X 50.0um
# Layer       M1 - Min Density      : 20%
# Layer       M1 - Pref Density     : 20%
# Layer       M1 - Max Density      : 80%
# Layer       M1 - Ext Density      : 35%
# Layer       M2 - Window size      : 100.0um X 100.0um
# Layer       M2 - Window step      : 50.0um X 50.0um
# Layer       M2 - Min Density      : 20%
# Layer       M2 - Pref Density     : 20%
# Layer       M2 - Max Density      : 80%
# Layer       M2 - Ext Density      : 35%
# Layer       M3 - Window size      : 100.0um X 100.0um
# Layer       M3 - Window step      : 50.0um X 50.0um
# Layer       M3 - Min Density      : 20%
# Layer       M3 - Pref Density     : 20%
# Layer       M3 - Max Density      : 80%
# Layer       M3 - Ext Density      : 35%
###############################################################


    Layer    Density(%)          Window  
***************************************************

      M2       19.59    (3000 950) (3100 1050)
      M2       19.90    (2650 1000) (2750 1100)
      M2       18.94    (3000 1000) (3100 1100)
      M2       19.97    (3000 1050) (3100 1150)
      M2       19.88    (1100 1150) (1200 1250)
      M2       19.84    (1750 1300) (1850 1400)
      M2       19.93    (550 1350) (650 1450)
      M2       19.97    (1650 1350) (1750 1450)
      M2       19.31    (1700 1350) (1800 1450)
      M2       19.33    (1750 1350) (1850 1450)
      M2       19.80    (800 1400) (900 1500)
      M2       19.65    (1650 1400) (1750 1500)
      M2       19.46    (1700 1400) (1800 1500)
      M2       19.91    (800 1450) (900 1550)
      M2       19.97    (1350 1450) (1450 1550)
      M2       19.70    (1050 1500) (1150 1600)
      M2       19.70    (1350 1500) (1450 1600)
      M2       19.78    (1200 1600) (1300 1700)
      M2       19.55    (1600 1600) (1700 1700)
      M2       19.98    (1400 1650) (1500 1750)
      M2       19.68    (1650 1700) (1750 1800)
      M2       19.53    (2150 1700) (2250 1800)
      M2       19.34    (1350 1750) (1450 1850)
      M2       18.69    (1350 1900) (1450 2000)
      M2       19.87    (1350 2000) (1450 2100)
      M2       19.72    (1300 2050) (1400 2150)
      M2       19.97    (1350 2050) (1450 2150)
      M2       20.00    (1150 2150) (1250 2250)
      M2       19.80    (1250 2150) (1350 2250)
      M2       19.23    (1150 2200) (1250 2300)
      M2       18.98    (1250 2200) (1350 2300)
      M2       18.95    (1300 2200) (1400 2300)
      M2       19.88    (1250 2250) (1350 2350)
      M2       18.65    (1300 2250) (1400 2350)
      M2       19.84    (1550 2250) (1650 2350)
      M2       19.99    (2400 2300) (2500 2400)
      M2       19.75    (950 2350) (1050 2450)
      M2       19.87    (2200 2400) (2300 2500)
      M2       19.08    (2250 2450) (2350 2550)
      M2       19.90    (1350 2500) (1450 2600)
      M2       19.18    (2250 2500) (2350 2600)
      M2       19.45    (800 2550) (900 2650)
      M2       19.02    (950 2550) (1050 2650)
      M2       19.65    (2100 2600) (2200 2700)
      M2       19.80    (550 2650) (650 2750)

      M3       19.55    (1700 400) (1800 500)
      M3       19.92    (1250 450) (1350 550)
      M3       16.10    (1650 450) (1750 550)
      M3       17.38    (1700 450) (1800 550)
      M3       18.13    (1500 500) (1600 600)
      M3       19.50    (1550 500) (1650 600)
      M3       17.83    (1650 500) (1750 600)
      M3       17.75    (1700 500) (1800 600)
      M3       19.28    (1500 550) (1600 650)
      M3       19.60    (1700 550) (1800 650)
      M3       19.21    (1400 600) (1500 700)
      M3       19.80    (1450 600) (1550 700)
      M3       18.29    (1700 600) (1800 700)
      M3       15.18    (1900 600) (2000 700)
      M3       16.74    (1950 600) (2050 700)
      M3       19.36    (1400 650) (1500 750)
      M3       18.75    (1450 650) (1550 750)
      M3       18.23    (1500 650) (1600 750)
      M3       19.95    (1550 650) (1650 750)
      M3       19.12    (1700 650) (1800 750)
      M3       15.43    (1900 650) (2000 750)
      M3       16.63    (1950 650) (2050 750)
      M3       19.89    (2900 650) (3000 750)
      M3       19.40    (2950 650) (3050 750)
      M3       18.85    (1250 700) (1350 800)
      M3       19.13    (1300 700) (1400 800)
      M3       19.00    (1350 700) (1450 800)
      M3       18.43    (1400 700) (1500 800)
      M3       17.62    (1450 700) (1550 800)
      M3       17.45    (1500 700) (1600 800)
      M3       19.20    (1550 700) (1650 800)
      M3       19.41    (1650 700) (1750 800)
      M3       19.43    (1700 700) (1800 800)
      M3       19.25    (1900 700) (2000 800)
      M3       18.62    (1950 700) (2050 800)
      M3       19.67    (2650 700) (2750 800)
      M3       19.99    (2800 700) (2900 800)
      M3       16.06    (2850 700) (2950 800)
      M3       18.17    (2900 700) (3000 800)
      M3       16.64    (2950 700) (3050 800)
      M3       17.11    (3000 700) (3100 800)
      M3       19.96    (1250 750) (1350 850)
      M3       18.09    (1350 750) (1450 850)
      M3       16.66    (1400 750) (1500 850)
      M3       16.95    (1450 750) (1550 850)
      M3       18.73    (1500 750) (1600 850)
      M3       19.28    (1700 750) (1800 850)
      M3       19.05    (1750 750) (1850 850)
      M3       18.89    (1900 750) (2000 850)
      M3       19.21    (1950 750) (2050 850)
      M3       19.44    (2350 750) (2450 850)
      M3       19.20    (2400 750) (2500 850)
      M3       19.83    (2600 750) (2700 850)
      M3       17.06    (2650 750) (2750 850)
      M3       18.44    (2700 750) (2800 850)
      M3       17.22    (2850 750) (2950 850)
      M3       19.45    (2900 750) (3000 850)
      M3       18.97    (1200 800) (1300 900)
      M3       19.09    (1250 800) (1350 900)
      M3       19.87    (1400 800) (1500 900)
      M3       19.06    (1450 800) (1550 900)
      M3       19.19    (1500 800) (1600 900)
      M3       19.38    (1700 800) (1800 900)
      M3       18.47    (1750 800) (1850 900)
      M3       19.64    (2250 800) (2350 900)
      M3       18.64    (2300 800) (2400 900)
      M3       19.03    (2350 800) (2450 900)
      M3       19.48    (2400 800) (2500 900)
      M3       19.53    (2600 800) (2700 900)
      M3       17.74    (2650 800) (2750 900)
      M3       17.00    (2700 800) (2800 900)
      M3       19.78    (2850 850) (2950 950)
      M3       18.38    (2850 900) (2950 1000)
      M3       19.50    (2900 900) (3000 1000)
      M3       19.09    (1150 950) (1250 1050)
      M3       18.35    (1200 950) (1300 1050)
      M3       18.75    (1250 950) (1350 1050)
      M3       18.49    (1300 950) (1400 1050)
      M3       19.30    (1350 950) (1450 1050)
      M3       19.51    (1400 950) (1500 1050)
      M3       19.69    (1450 950) (1550 1050)
      M3       18.70    (1500 950) (1600 1050)
      M3       19.12    (1550 950) (1650 1050)
      M3       19.00    (1600 950) (1700 1050)
      M3       16.80    (1650 950) (1750 1050)
      M3       16.08    (1700 950) (1800 1050)
      M3       15.73    (1750 950) (1850 1050)
      M3       19.54    (2300 950) (2400 1050)
      M3       18.17    (2450 950) (2550 1050)
      M3       17.32    (2500 950) (2600 1050)
      M3       19.70    (2550 950) (2650 1050)
      M3       19.78    (2850 950) (2950 1050)
      M3       19.73    (1150 1000) (1250 1100)
      M3       18.31    (1200 1000) (1300 1100)
      M3       19.57    (1250 1000) (1350 1100)
      M3       19.44    (1350 1000) (1450 1100)
      M3       17.44    (1400 1000) (1500 1100)
      M3       17.34    (1450 1000) (1550 1100)
      M3       18.36    (1500 1000) (1600 1100)
      M3       19.28    (1650 1000) (1750 1100)
      M3       19.00    (1700 1000) (1800 1100)
      M3       19.18    (1750 1000) (1850 1100)
      M3       17.98    (1900 1000) (2000 1100)
      M3       18.04    (1950 1000) (2050 1100)
      M3       18.30    (2000 1000) (2100 1100)
      M3       19.38    (2050 1000) (2150 1100)
      M3       19.42    (2350 1000) (2450 1100)
      M3       16.69    (2400 1000) (2500 1100)
      M3       14.75    (2450 1000) (2550 1100)
      M3       16.59    (2500 1000) (2600 1100)
      M3       19.92    (2550 1000) (2650 1100)
      M3       18.64    (2700 1000) (2800 1100)
      M3       16.80    (2850 1000) (2950 1100)
      M3       19.37    (2900 1000) (3000 1100)
      M3       17.81    (3000 1000) (3100 1100)
      M3       17.62    (3050 1000) (3150 1100)
      M3       19.96    (1750 1050) (1850 1150)
      M3       19.45    (1900 1050) (2000 1150)
      M3       19.47    (1950 1050) (2050 1150)
      M3       19.94    (2000 1050) (2100 1150)
      M3       18.26    (2400 1050) (2500 1150)
      M3       15.70    (2450 1050) (2550 1150)
      M3       17.57    (2500 1050) (2600 1150)
      M3       19.62    (2550 1050) (2650 1150)
      M3       19.19    (2600 1050) (2700 1150)
      M3       17.00    (2650 1050) (2750 1150)
      M3       17.10    (2700 1050) (2800 1150)
      M3       19.73    (3000 1050) (3100 1150)
      M3       19.57    (3050 1050) (3150 1150)
      M3       19.71    (1550 1100) (1650 1200)
      M3       18.26    (1600 1100) (1700 1200)
      M3       19.72    (1650 1100) (1750 1200)
      M3       19.13    (1750 1100) (1850 1200)
      M3       19.70    (1900 1100) (2000 1200)
      M3       18.57    (1950 1100) (2050 1200)
      M3       19.04    (2000 1100) (2100 1200)
      M3       19.31    (2050 1100) (2150 1200)
      M3       18.95    (2450 1100) (2550 1200)
      M3       19.61    (2500 1100) (2600 1200)
      M3       19.90    (2650 1100) (2750 1200)
      M3       18.87    (1450 1150) (1550 1250)
      M3       18.13    (1500 1150) (1600 1250)
      M3       18.18    (1550 1150) (1650 1250)
      M3       17.52    (1600 1150) (1700 1250)
      M3       19.29    (1650 1150) (1750 1250)
      M3       19.59    (2300 1150) (2400 1250)
      M3       19.50    (2650 1150) (2750 1250)
      M3       19.56    (2700 1150) (2800 1250)
      M3       17.64    (2850 1150) (2950 1250)
      M3       19.34    (1200 1200) (1300 1300)
      M3       17.59    (1400 1200) (1500 1300)
      M3       17.21    (1450 1200) (1550 1300)
      M3       19.77    (1500 1200) (1600 1300)
      M3       19.59    (2250 1200) (2350 1300)
      M3       19.29    (2300 1200) (2400 1300)
      M3       19.38    (2350 1200) (2450 1300)
      M3       19.29    (2400 1200) (2500 1300)
      M3       18.51    (2650 1200) (2750 1300)
      M3       18.45    (2700 1200) (2800 1300)
      M3       14.93    (2850 1200) (2950 1300)
      M3       17.67    (2900 1200) (3000 1300)
      M3       19.81    (650 1250) (750 1350)
      M3       19.08    (700 1250) (800 1350)
      M3       18.69    (750 1250) (850 1350)
      M3       19.98    (1400 1250) (1500 1350)
      M3       19.92    (1700 1250) (1800 1350)
      M3       19.10    (2250 1250) (2350 1350)
      M3       18.84    (2300 1250) (2400 1350)
      M3       19.51    (2350 1250) (2450 1350)
      M3       16.13    (2650 1250) (2750 1350)
      M3       16.91    (2700 1250) (2800 1350)
      M3       19.71    (2850 1250) (2950 1350)
      M3       19.79    (550 1300) (650 1400)
      M3       18.47    (1600 1300) (1700 1400)
      M3       18.02    (1650 1300) (1750 1400)
      M3       18.47    (1700 1300) (1800 1400)
      M3       19.49    (1750 1300) (1850 1400)
      M3       19.92    (2250 1300) (2350 1400)
      M3       19.92    (2300 1300) (2400 1400)
      M3       17.95    (2650 1300) (2750 1400)
      M3       17.38    (2700 1300) (2800 1400)
      M3       19.03    (3050 1300) (3150 1400)
      M3       18.08    (450 1350) (550 1450)
      M3       19.22    (500 1350) (600 1450)
      M3       18.58    (1300 1350) (1400 1450)
      M3       18.58    (1350 1350) (1450 1450)
      M3       18.58    (1400 1350) (1500 1450)
      M3       19.54    (1450 1350) (1550 1450)
      M3       19.77    (1500 1350) (1600 1450)
      M3       18.78    (1550 1350) (1650 1450)
      M3       19.50    (1600 1350) (1700 1450)
      M3       18.19    (1650 1350) (1750 1450)
      M3       17.81    (1700 1350) (1800 1450)
      M3       19.09    (1750 1350) (1850 1450)
      M3       19.64    (2000 1350) (2100 1450)
      M3       19.62    (2050 1350) (2150 1450)
      M3       18.76    (2100 1350) (2200 1450)
      M3       18.21    (2150 1350) (2250 1450)
      M3       18.79    (2200 1350) (2300 1450)
      M3       18.22    (2250 1350) (2350 1450)
      M3       19.22    (2300 1350) (2400 1450)
      M3       18.78    (2700 1350) (2800 1450)
      M3       19.82    (400 1400) (500 1500)
      M3       17.38    (450 1400) (550 1500)
      M3       18.13    (500 1400) (600 1500)
      M3       19.85    (550 1400) (650 1500)
      M3       19.64    (600 1400) (700 1500)
      M3       17.82    (650 1400) (750 1500)
      M3       18.69    (700 1400) (800 1500)
      M3       19.66    (1000 1400) (1100 1500)
      M3       19.19    (1050 1400) (1150 1500)
      M3       19.55    (1200 1400) (1300 1500)
      M3       15.34    (1250 1400) (1350 1500)
      M3       14.87    (1300 1400) (1400 1500)
      M3       15.20    (1350 1400) (1450 1500)
      M3       14.83    (1400 1400) (1500 1500)
      M3       16.32    (1450 1400) (1550 1500)
      M3       17.29    (1500 1400) (1600 1500)
      M3       19.11    (1550 1400) (1650 1500)
      M3       19.43    (2200 1400) (2300 1500)
      M3       17.62    (2250 1400) (2350 1500)
      M3       18.51    (2300 1400) (2400 1500)
      M3       18.86    (2350 1400) (2450 1500)
      M3       18.69    (2400 1400) (2500 1500)
      M3       19.44    (2700 1400) (2800 1500)
      M3       19.08    (2850 1400) (2950 1500)
      M3       17.08    (450 1450) (550 1550)
      M3       17.16    (500 1450) (600 1550)
      M3       17.65    (550 1450) (650 1550)
      M3       17.83    (600 1450) (700 1550)
      M3       18.02    (650 1450) (750 1550)
      M3       17.89    (700 1450) (800 1550)
      M3       16.53    (750 1450) (850 1550)
      M3       17.40    (800 1450) (900 1550)
      M3       16.77    (950 1450) (1050 1550)
      M3       16.53    (1000 1450) (1100 1550)
      M3       15.78    (1050 1450) (1150 1550)
      M3       17.58    (1100 1450) (1200 1550)
      M3       19.22    (1200 1450) (1300 1550)
      M3       16.73    (1250 1450) (1350 1550)
      M3       17.76    (1300 1450) (1400 1550)
      M3       19.65    (1350 1450) (1450 1550)
      M3       18.79    (1400 1450) (1500 1550)
      M3       18.66    (1450 1450) (1550 1550)
      M3       18.94    (1750 1450) (1850 1550)
      M3       19.14    (1800 1450) (1900 1550)
      M3       19.06    (1850 1450) (1950 1550)
      M3       18.12    (1900 1450) (2000 1550)
      M3       19.76    (2400 1450) (2500 1550)
      M3       19.23    (2850 1450) (2950 1550)
      M3       19.23    (650 1500) (750 1600)
      M3       17.79    (700 1500) (800 1600)
      M3       17.02    (750 1500) (850 1600)
      M3       17.58    (800 1500) (900 1600)
      M3       16.53    (950 1500) (1050 1600)
      M3       18.69    (1000 1500) (1100 1600)
      M3       19.99    (1050 1500) (1150 1600)
      M3       19.43    (1450 1500) (1550 1600)
      M3       19.03    (1500 1500) (1600 1600)
      M3       19.27    (1550 1500) (1650 1600)
      M3       19.96    (1600 1500) (1700 1600)
      M3       17.76    (1900 1500) (2000 1600)
      M3       18.16    (2100 1500) (2200 1600)
      M3       19.23    (2150 1500) (2250 1600)
      M3       19.40    (2400 1500) (2500 1600)
      M3       18.48    (2450 1500) (2550 1600)
      M3       17.48    (2850 1500) (2950 1600)
      M3       19.02    (2900 1500) (3000 1600)
      M3       19.24    (950 1550) (1050 1650)
      M3       19.12    (1450 1550) (1550 1650)
      M3       18.96    (1500 1550) (1600 1650)
      M3       19.10    (1900 1550) (2000 1650)
      M3       18.61    (2100 1550) (2200 1650)
      M3       18.74    (2850 1550) (2950 1650)
      M3       19.86    (400 1600) (500 1700)
      M3       19.40    (450 1600) (550 1700)
      M3       18.64    (500 1600) (600 1700)
      M3       18.12    (550 1600) (650 1700)
      M3       19.84    (600 1600) (700 1700)
      M3       18.36    (950 1600) (1050 1700)
      M3       18.35    (1000 1600) (1100 1700)
      M3       19.99    (1050 1600) (1150 1700)
      M3       19.46    (1950 1600) (2050 1700)
      M3       19.21    (2250 1600) (2350 1700)
      M3       19.44    (450 1650) (550 1750)
      M3       18.56    (500 1650) (600 1750)
      M3       17.19    (550 1650) (650 1750)
      M3       17.97    (600 1650) (700 1750)
      M3       18.44    (650 1650) (750 1750)
      M3       18.18    (700 1650) (800 1750)
      M3       19.55    (750 1650) (850 1750)
      M3       17.85    (2200 1650) (2300 1750)
      M3       15.33    (2250 1650) (2350 1750)
      M3       15.69    (2300 1650) (2400 1750)
      M3       16.07    (2350 1650) (2450 1750)
      M3       18.67    (2400 1650) (2500 1750)
      M3       19.85    (450 1700) (550 1800)
      M3       19.78    (550 1700) (650 1800)
      M3       19.29    (1050 1700) (1150 1800)
      M3       18.36    (2150 1700) (2250 1800)
      M3       18.11    (2200 1700) (2300 1800)
      M3       17.72    (2250 1700) (2350 1800)
      M3       18.18    (2300 1700) (2400 1800)
      M3       19.18    (2350 1700) (2450 1800)
      M3       19.80    (400 1750) (500 1850)
      M3       18.03    (1450 1750) (1550 1850)
      M3       18.87    (1500 1750) (1600 1850)
      M3       19.86    (1900 1750) (2000 1850)
      M3       19.86    (1950 1750) (2050 1850)
      M3       19.31    (2150 1750) (2250 1850)
      M3       19.21    (2200 1750) (2300 1850)
      M3       19.60    (2250 1750) (2350 1850)
      M3       19.22    (2300 1750) (2400 1850)
      M3       18.70    (2350 1750) (2450 1850)
      M3       19.66    (450 1900) (550 2000)
      M3       19.79    (950 1900) (1050 2000)
      M3       19.78    (1150 1900) (1250 2000)
      M3       19.79    (1200 1900) (1300 2000)
      M3       18.09    (1250 1900) (1350 2000)
      M3       18.29    (1300 1900) (1400 2000)
      M3       19.90    (1350 1900) (1450 2000)
      M3       18.36    (1900 1900) (2000 2000)
      M3       18.74    (1950 1900) (2050 2000)
      M3       19.67    (2000 1900) (2100 2000)
      M3       19.42    (2050 1900) (2150 2000)
      M3       19.42    (2100 1900) (2200 2000)
      M3       19.09    (2200 1900) (2300 2000)
      M3       17.49    (2250 1900) (2350 2000)
      M3       17.59    (2300 1900) (2400 2000)
      M3       17.20    (2350 1900) (2450 2000)
      M3       19.24    (2400 1900) (2500 2000)
      M3       19.60    (700 1950) (800 2050)
      M3       18.91    (950 1950) (1050 2050)
      M3       19.60    (1150 1950) (1250 2050)
      M3       17.99    (1200 1950) (1300 2050)
      M3       18.27    (1250 1950) (1350 2050)
      M3       19.11    (2050 1950) (2150 2050)
      M3       17.84    (2100 1950) (2200 2050)
      M3       19.27    (2200 1950) (2300 2050)
      M3       18.20    (2250 1950) (2350 2050)
      M3       17.99    (2300 1950) (2400 2050)
      M3       16.46    (2350 1950) (2450 2050)
      M3       18.77    (2400 1950) (2500 2050)
      M3       19.99    (2500 1950) (2600 2050)
      M3       18.95    (650 2000) (750 2100)
      M3       18.65    (700 2000) (800 2100)
      M3       19.20    (750 2000) (850 2100)
      M3       19.07    (800 2000) (900 2100)
      M3       19.44    (1900 2000) (2000 2100)
      M3       18.61    (1950 2000) (2050 2100)
      M3       18.04    (2000 2000) (2100 2100)
      M3       16.84    (2050 2000) (2150 2100)
      M3       16.97    (2100 2000) (2200 2100)
      M3       18.19    (2150 2000) (2250 2100)
      M3       19.33    (2200 2000) (2300 2100)
      M3       19.44    (2250 2000) (2350 2100)
      M3       19.43    (2300 2000) (2400 2100)
      M3       19.61    (2350 2000) (2450 2100)
      M3       19.91    (700 2050) (800 2150)
      M3       19.85    (750 2050) (850 2150)
      M3       19.41    (800 2050) (900 2150)
      M3       18.38    (1250 2050) (1350 2150)
      M3       17.69    (1300 2050) (1400 2150)
      M3       19.77    (1350 2050) (1450 2150)
      M3       19.64    (1550 2050) (1650 2150)
      M3       17.62    (1650 2050) (1750 2150)
      M3       16.90    (1700 2050) (1800 2150)
      M3       19.70    (1900 2050) (2000 2150)
      M3       19.24    (1950 2050) (2050 2150)
      M3       18.56    (2000 2050) (2100 2150)
      M3       19.27    (2050 2050) (2150 2150)
      M3       19.91    (2100 2050) (2200 2150)
      M3       19.37    (2150 2050) (2250 2150)
      M3       19.67    (2200 2050) (2300 2150)
      M3       19.74    (2250 2050) (2350 2150)
      M3       19.61    (2300 2050) (2400 2150)
      M3       19.91    (450 2100) (550 2200)
      M3       17.93    (500 2100) (600 2200)
      M3       17.87    (550 2100) (650 2200)
      M3       18.87    (600 2100) (700 2200)
      M3       18.49    (650 2100) (750 2200)
      M3       18.77    (700 2100) (800 2200)
      M3       19.99    (950 2100) (1050 2200)
      M3       19.98    (1000 2100) (1100 2200)
      M3       19.34    (1150 2100) (1250 2200)
      M3       19.71    (1200 2100) (1300 2200)
      M3       19.18    (1250 2100) (1350 2200)
      M3       17.60    (1300 2100) (1400 2200)
      M3       19.45    (1350 2100) (1450 2200)
      M3       19.98    (450 2150) (550 2250)
      M3       18.03    (500 2150) (600 2250)
      M3       17.76    (550 2150) (650 2250)
      M3       18.09    (600 2150) (700 2250)
      M3       17.35    (650 2150) (750 2250)
      M3       17.00    (700 2150) (800 2250)
      M3       18.02    (750 2150) (850 2250)
      M3       19.20    (800 2150) (900 2250)
      M3       19.86    (1450 2150) (1550 2250)
      M3       19.12    (1500 2150) (1600 2250)
      M3       18.92    (1550 2150) (1650 2250)
      M3       18.26    (1700 2150) (1800 2250)
      M3       17.40    (1750 2150) (1850 2250)
      M3       17.28    (1900 2150) (2000 2250)
      M3       18.15    (1950 2150) (2050 2250)
      M3       18.81    (2000 2150) (2100 2250)
      M3       19.42    (2050 2150) (2150 2250)
      M3       19.76    (550 2200) (650 2300)
      M3       19.33    (600 2200) (700 2300)
      M3       19.91    (700 2200) (800 2300)
      M3       19.67    (750 2200) (850 2300)
      M3       19.09    (1550 2200) (1650 2300)
      M3       19.13    (2250 2200) (2350 2300)
      M3       18.39    (2300 2200) (2400 2300)
      M3       18.39    (2350 2200) (2450 2300)
      M3       19.89    (600 2250) (700 2350)
      M3       18.04    (1150 2250) (1250 2350)
      M3       16.33    (1200 2250) (1300 2350)
      M3       19.67    (1250 2250) (1350 2350)
      M3       19.29    (2250 2250) (2350 2350)
      M3       18.25    (2300 2250) (2400 2350)
      M3       17.95    (2350 2250) (2450 2350)
      M3       19.39    (2400 2250) (2500 2350)
      M3       18.83    (1000 2300) (1100 2400)
      M3       19.85    (1850 2300) (1950 2400)
      M3       18.10    (1900 2300) (2000 2400)
      M3       17.25    (1950 2300) (2050 2400)
      M3       16.81    (2000 2300) (2100 2400)
      M3       19.83    (2050 2300) (2150 2400)
      M3       19.94    (2400 2300) (2500 2400)
      M3       19.88    (750 2350) (850 2450)
      M3       19.68    (1000 2350) (1100 2450)
      M3       19.10    (1700 2350) (1800 2450)
      M3       19.17    (1750 2350) (1850 2450)
      M3       19.25    (1800 2350) (1900 2450)
      M3       16.65    (1850 2350) (1950 2450)
      M3       16.03    (1900 2350) (2000 2450)
      M3       17.43    (1950 2350) (2050 2450)
      M3       18.58    (2000 2350) (2100 2450)
      M3       19.92    (2350 2350) (2450 2450)
      M3       19.76    (550 2400) (650 2500)
      M3       18.80    (600 2400) (700 2500)
      M3       18.81    (650 2400) (750 2500)
      M3       19.81    (700 2400) (800 2500)
      M3       18.71    (1100 2400) (1200 2500)
      M3       19.07    (1150 2400) (1250 2500)
      M3       18.87    (1300 2400) (1400 2500)
      M3       18.22    (1350 2400) (1450 2500)
      M3       17.82    (1900 2400) (2000 2500)
      M3       19.69    (1950 2400) (2050 2500)
      M3       19.59    (2350 2400) (2450 2500)
      M3       19.08    (2500 2400) (2600 2500)
      M3       19.75    (2550 2400) (2650 2500)
      M3       19.77    (450 2450) (550 2550)
      M3       19.51    (600 2450) (700 2550)
      M3       18.17    (650 2450) (750 2550)
      M3       17.81    (700 2450) (800 2550)
      M3       18.25    (750 2450) (850 2550)
      M3       19.52    (1100 2450) (1200 2550)
      M3       19.55    (1150 2450) (1250 2550)
      M3       18.76    (1900 2450) (2000 2550)
      M3       19.20    (1950 2450) (2050 2550)
      M3       19.45    (2000 2450) (2100 2550)
      M3       18.92    (2050 2450) (2150 2550)
      M3       18.08    (2100 2450) (2200 2550)
      M3       17.42    (2150 2450) (2250 2550)
      M3       19.67    (2200 2450) (2300 2550)
      M3       19.10    (2500 2450) (2600 2550)
      M3       18.77    (450 2500) (550 2600)
      M3       18.60    (500 2500) (600 2600)
      M3       18.95    (550 2500) (650 2600)
      M3       19.25    (700 2500) (800 2600)
      M3       17.92    (750 2500) (850 2600)
      M3       18.70    (800 2500) (900 2600)
      M3       19.96    (950 2500) (1050 2600)
      M3       19.83    (1700 2500) (1800 2600)
      M3       19.20    (1750 2500) (1850 2600)
      M3       19.32    (2000 2500) (2100 2600)
      M3       18.26    (2050 2500) (2150 2600)
      M3       19.38    (2100 2500) (2200 2600)
      M3       19.43    (2250 2500) (2350 2600)
      M3       19.38    (2450 2500) (2550 2600)
      M3       18.13    (2500 2500) (2600 2600)
      M3       19.07    (2550 2500) (2650 2600)
      M3       18.98    (450 2550) (550 2650)
      M3       16.26    (500 2550) (600 2650)
      M3       17.85    (550 2550) (650 2650)
      M3       19.04    (1300 2550) (1400 2650)
      M3       18.87    (1350 2550) (1450 2650)
      M3       19.40    (1600 2550) (1700 2650)
      M3       18.62    (1650 2550) (1750 2650)
      M3       17.45    (1700 2550) (1800 2650)
      M3       17.53    (1750 2550) (1850 2650)
      M3       19.46    (2350 2550) (2450 2650)
      M3       17.78    (2400 2550) (2500 2650)
      M3       16.61    (2450 2550) (2550 2650)
      M3       17.21    (2500 2550) (2600 2650)
      M3       18.49    (2550 2550) (2650 2650)
      M3       19.98    (450 2600) (550 2700)
      M3       18.19    (500 2600) (600 2700)
      M3       19.77    (650 2600) (750 2700)
      M3       18.70    (700 2600) (800 2700)
      M3       17.92    (750 2600) (850 2700)
      M3       18.38    (800 2600) (900 2700)
      M3       19.54    (850 2600) (950 2700)
      M3       19.98    (1500 2600) (1600 2700)
      M3       17.70    (1650 2600) (1750 2700)
      M3       16.54    (1700 2600) (1800 2700)
      M3       18.71    (1750 2600) (1850 2700)
      M3       18.60    (1900 2600) (2000 2700)
      M3       17.72    (1950 2600) (2050 2700)
      M3       18.68    (2000 2600) (2100 2700)
      M3       17.82    (2150 2600) (2250 2700)
      M3       18.35    (2200 2600) (2300 2700)
      M3       19.77    (2250 2600) (2350 2700)
      M3       19.70    (2350 2600) (2450 2700)
      M3       16.99    (2400 2600) (2500 2700)
      M3       18.25    (2450 2600) (2550 2700)
      M3       19.47    (2500 2600) (2600 2700)
      M3       19.79    (2550 2600) (2650 2700)
      M3       19.28    (650 2650) (750 2750)
      M3       19.80    (1200 2650) (1300 2750)
      M3       19.85    (1250 2650) (1350 2750)
      M3       19.36    (1400 2650) (1500 2750)
      M3       19.01    (1450 2650) (1550 2750)
      M3       18.80    (1650 2650) (1750 2750)
      M3       19.21    (1700 2650) (1800 2750)
      M3       19.29    (1900 2650) (2000 2750)
      M3       18.42    (1950 2650) (2050 2750)
      M3       19.54    (2000 2650) (2100 2750)
      M3       18.54    (2200 2650) (2300 2750)
      M3       17.53    (2250 2650) (2350 2750)
      M3       18.10    (2400 2650) (2500 2750)
      M3       18.13    (2450 2650) (2550 2750)
      M3       18.97    (2500 2650) (2600 2750)
      M3       19.21    (2550 2650) (2650 2750)
      M3       19.09    (2600 2650) (2700 2750)
      M3       17.99    (2650 2650) (2750 2750)
      M3       19.71    (2700 2650) (2800 2750)
      M3       19.75    (500 2700) (600 2800)
      M3       18.63    (550 2700) (650 2800)
      M3       19.74    (1150 2700) (1250 2800)
      M3       18.89    (1200 2700) (1300 2800)
      M3       19.21    (1250 2700) (1350 2800)
      M3       18.88    (1350 2700) (1450 2800)
      M3       17.25    (1400 2700) (1500 2800)
      M3       17.37    (1450 2700) (1550 2800)
      M3       18.74    (1500 2700) (1600 2800)
      M3       19.04    (1550 2700) (1650 2800)
      M3       19.66    (2050 2700) (2150 2800)
      M3       18.48    (2300 2700) (2400 2800)
      M3       18.58    (2350 2700) (2450 2800)
      M3       17.73    (2400 2700) (2500 2800)
      M3       17.85    (2450 2700) (2550 2800)
      M3       18.90    (2500 2700) (2600 2800)
      M3       19.35    (2550 2700) (2650 2800)
      M3       18.67    (2600 2700) (2700 2800)
      M3       17.38    (2650 2700) (2750 2800)
      M3       18.42    (2700 2700) (2800 2800)
      M3       17.54    (550 2850) (650 2950)
      M3       16.67    (600 2850) (700 2950)
      M3       15.48    (650 2850) (750 2950)
      M3       13.51    (700 2850) (800 2950)
      M3       13.31    (750 2850) (850 2950)
      M3       14.52    (800 2850) (900 2950)
      M3       19.76    (1050 2850) (1150 2950)
      M3       19.14    (1100 2850) (1200 2950)
      M3       18.71    (1150 2850) (1250 2950)
      M3       18.02    (1200 2850) (1300 2950)
      M3       17.63    (1250 2850) (1350 2950)
      M3       17.89    (1300 2850) (1400 2950)
      M3       18.21    (1350 2850) (1450 2950)
      M3       18.00    (1400 2850) (1500 2950)
      M3       18.69    (1450 2850) (1550 2950)
      M3       19.64    (1500 2850) (1600 2950)
      M3       19.73    (1700 2850) (1800 2950)
      M3       19.27    (1750 2850) (1850 2950)
      M3       18.48    (1900 2850) (2000 2950)
      M3       19.97    (1950 2850) (2050 2950)
      M3       18.43    (700 2900) (800 3000)
      M3       18.33    (750 2900) (850 3000)
      M3       19.54    (800 2900) (900 3000)
      M3       19.36    (1250 2900) (1350 3000)
      M3       18.07    (1300 2900) (1400 3000)
      M3       18.53    (1350 2900) (1450 3000)
      M3       19.22    (1400 2900) (1500 3000)
      M3       19.71    (1450 2900) (1550 3000)
      M3       19.50    (1500 2900) (1600 3000)
      M3       18.30    (1550 2900) (1650 3000)
      M3       18.97    (1600 2900) (1700 3000)
      M3       19.26    (1650 2900) (1750 3000)
      M3       19.46    (1700 2900) (1800 3000)
      M3       18.91    (1900 2900) (2000 3000)
      M3       19.89    (1950 2900) (2050 3000)
      M3       19.46    (1000 2950) (1100 3050)
      M3       19.51    (1250 2950) (1350 3050)
      M3       19.75    (1300 2950) (1400 3050)
      M3       19.63    (1900 2950) (2000 3050)
      M3       19.63    (1000 3000) (1100 3100)
      M3       18.95    (1050 3000) (1150 3100)
      M3       19.56    (1300 3050) (1400 3150)
      M3       19.60    (1350 3050) (1450 3150)
      M3       19.96    (1400 3050) (1500 3150)
      M3       19.62    (1450 3050) (1550 3150)
      M3       19.86    (1600 3050) (1700 3150)


A total of 649 density violation(s).
Windows < Min. Density = 649
Windows > Max. Density = 0
