###############################################################
#  Generated by:      Cadence Innovus 16.12-s051_1
#  OS:                Linux x86_64(Host ID ecegrid-thin7.ecn.purdue.edu)
#  Generated on:      Mon Apr 23 19:27:50 2018
#  Design:            shabang
#  Command:           verifyConnectivity -type all -error 1000 -warning 50
###############################################################
Verify Connectivity Report is created on Mon Apr 23 19:27:50 2018



Net vdd: has special routes with opens at (298.800, 298.800) (649.650, 751.200)
Net vdd: has special routes with opens at (639.750, 420.600) (661.200, 449.400)
Net vdd: dangling Wire at (639.750, 435.000) (639.750, 435.000) on layer: M1
Net gnd, Pin G3/gnd: has an unconnected terminal at (660.000, 510.600) (661.200, 539.400)
Net gnd: has special routes with opens at (298.800, 330.450) (629.850, 710.550)
Net gnd: has special routes with opens at (510.600, 742.500) (539.400, 751.200)
Net gnd: has special routes with opens at (510.600, 298.800) (539.400, 307.500)
Net gnd: has special routes with opens at (510.600, 700.650) (539.400, 745.500)
Net gnd: has special routes with opens at (510.600, 304.500) (539.400, 340.350)
Net gnd: dangling Wire at (525.000, 700.650) (525.000, 700.650) on layer: M2
Net gnd: dangling Wire at (525.000, 745.500) (525.000, 745.500) on layer: M2
Net gnd: dangling Wire at (525.000, 304.500) (525.000, 304.500) on layer: M2
Net gnd: dangling Wire at (525.000, 340.350) (525.000, 340.350) on layer: M2

Begin Summary
    1 Problem(s) (IMPVFC-96): Terminal(s) are not connected.
    7 Problem(s) (IMPVFC-200): Special Wires: Pieces of the net are not connected together.
    5 Problem(s) (IMPVFC-94): The net has dangling wire(s).
    13 total info(s) created.
End Summary
